<?xml version="1.0" encoding="UTF-8"?>
<!-- Generated by org.testng.reporters.JUnitXMLReporter -->
<testsuite hostname="DESKTOP-L5PC32J" ignored="0" name="Free CRM App Test Cases" tests="12" failures="0" timestamp="03 Aug 2019 19:34:25 GMT" time="221.417" errors="0">
  <testcase name="loginPageTitleTest" time="0.03" classname="com.crm.qa.testcases.LoginPageTest"/>
  <testcase name="verifyHomePageTitleTest" time="0.02" classname="com.crm.qa.testcases.HomePageTest"/>
  <testcase name="verifyContactsPageLabelTest" time="0.051" classname="com.crm.qa.testcases.ContactsPageTest"/>
  <testcase name="crmLogoImageTest" time="0.058" classname="com.crm.qa.testcases.LoginPageTest"/>
  <testcase name="verifyUserNameTest" time="0.081" classname="com.crm.qa.testcases.HomePageTest"/>
  <testcase name="selectContactsTest" time="0.19" classname="com.crm.qa.testcases.ContactsPageTest"/>
  <testcase name="loginTest" time="5.555" classname="com.crm.qa.testcases.LoginPageTest"/>
  <testcase name="verifyContactsLinkTest" time="1.422" classname="com.crm.qa.testcases.HomePageTest"/>
  <testcase name="selectMutltipleContactsTes" time="0.262" classname="com.crm.qa.testcases.ContactsPageTest"/>
  <testcase name="validateCreateNewContact" time="6.316" classname="com.crm.qa.testcases.ContactsPageTest"/>
  <testcase name="validateCreateNewContact" time="5.172" classname="com.crm.qa.testcases.ContactsPageTest"/>
  <testcase name="validateCreateNewContact" time="5.279" classname="com.crm.qa.testcases.ContactsPageTest"/>
</testsuite> <!-- Free CRM App Test Cases -->
