<?xml version="1.0" encoding="UTF-8"?>
<testng-results skipped="0" failed="0" ignored="0" total="12" passed="12">
  <reporter-output>
  </reporter-output>
  <suite name="FREE CRM Application Test Automation Test Suite" duration-ms="221417" started-at="2019-08-03T19:30:43Z" finished-at="2019-08-03T19:34:25Z">
    <groups>
    </groups>
    <test name="Free CRM App Test Cases" duration-ms="221417" started-at="2019-08-03T19:30:43Z" finished-at="2019-08-03T19:34:25Z">
      <class name="com.crm.qa.testcases.HomePageTest">
        <test-method status="PASS" signature="setUp()[pri:0, instance:com.crm.qa.testcases.HomePageTest@77caeb3e]" name="setUp" is-config="true" duration-ms="15526" started-at="2019-08-04T01:01:06Z" finished-at="2019-08-04T01:01:21Z">
          <reporter-output>
          </reporter-output>
        </test-method> <!-- setUp -->
        <test-method status="PASS" signature="verifyHomePageTitleTest()[pri:1, instance:com.crm.qa.testcases.HomePageTest@77caeb3e]" name="verifyHomePageTitleTest" duration-ms="20" started-at="2019-08-04T01:01:21Z" finished-at="2019-08-04T01:01:21Z">
          <reporter-output>
          </reporter-output>
        </test-method> <!-- verifyHomePageTitleTest -->
        <test-method status="PASS" signature="tearDown()[pri:0, instance:com.crm.qa.testcases.HomePageTest@77caeb3e]" name="tearDown" is-config="true" duration-ms="729" started-at="2019-08-04T01:01:21Z" finished-at="2019-08-04T01:01:22Z">
          <reporter-output>
          </reporter-output>
        </test-method> <!-- tearDown -->
        <test-method status="PASS" signature="setUp()[pri:0, instance:com.crm.qa.testcases.HomePageTest@77caeb3e]" name="setUp" is-config="true" duration-ms="14101" started-at="2019-08-04T01:01:48Z" finished-at="2019-08-04T01:02:02Z">
          <reporter-output>
          </reporter-output>
        </test-method> <!-- setUp -->
        <test-method status="PASS" signature="verifyUserNameTest()[pri:2, instance:com.crm.qa.testcases.HomePageTest@77caeb3e]" name="verifyUserNameTest" duration-ms="81" started-at="2019-08-04T01:02:02Z" finished-at="2019-08-04T01:02:02Z">
          <reporter-output>
          </reporter-output>
        </test-method> <!-- verifyUserNameTest -->
        <test-method status="PASS" signature="tearDown()[pri:0, instance:com.crm.qa.testcases.HomePageTest@77caeb3e]" name="tearDown" is-config="true" duration-ms="691" started-at="2019-08-04T01:02:02Z" finished-at="2019-08-04T01:02:03Z">
          <reporter-output>
          </reporter-output>
        </test-method> <!-- tearDown -->
        <test-method status="PASS" signature="setUp()[pri:0, instance:com.crm.qa.testcases.HomePageTest@77caeb3e]" name="setUp" is-config="true" duration-ms="16069" started-at="2019-08-04T01:02:37Z" finished-at="2019-08-04T01:02:53Z">
          <reporter-output>
          </reporter-output>
        </test-method> <!-- setUp -->
        <test-method status="PASS" signature="verifyContactsLinkTest()[pri:3, instance:com.crm.qa.testcases.HomePageTest@77caeb3e]" name="verifyContactsLinkTest" duration-ms="1422" started-at="2019-08-04T01:02:53Z" finished-at="2019-08-04T01:02:54Z">
          <reporter-output>
          </reporter-output>
        </test-method> <!-- verifyContactsLinkTest -->
        <test-method status="PASS" signature="tearDown()[pri:0, instance:com.crm.qa.testcases.HomePageTest@77caeb3e]" name="tearDown" is-config="true" duration-ms="1184" started-at="2019-08-04T01:02:54Z" finished-at="2019-08-04T01:02:56Z">
          <reporter-output>
          </reporter-output>
        </test-method> <!-- tearDown -->
      </class> <!-- com.crm.qa.testcases.HomePageTest -->
      <class name="com.crm.qa.testcases.ContactsPageTest">
        <test-method status="PASS" signature="setUp()[pri:0, instance:com.crm.qa.testcases.ContactsPageTest@1e88b3c]" name="setUp" is-config="true" duration-ms="15301" started-at="2019-08-04T01:01:22Z" finished-at="2019-08-04T01:01:37Z">
          <reporter-output>
          </reporter-output>
        </test-method> <!-- setUp -->
        <test-method status="PASS" signature="verifyContactsPageLabelTest()[pri:1, instance:com.crm.qa.testcases.ContactsPageTest@1e88b3c]" name="verifyContactsPageLabelTest" duration-ms="51" started-at="2019-08-04T01:01:37Z" finished-at="2019-08-04T01:01:37Z">
          <reporter-output>
          </reporter-output>
        </test-method> <!-- verifyContactsPageLabelTest -->
        <test-method status="PASS" signature="tearDown()[pri:0, instance:com.crm.qa.testcases.ContactsPageTest@1e88b3c]" name="tearDown" is-config="true" duration-ms="677" started-at="2019-08-04T01:01:37Z" finished-at="2019-08-04T01:01:38Z">
          <reporter-output>
          </reporter-output>
        </test-method> <!-- tearDown -->
        <test-method status="PASS" signature="setUp()[pri:0, instance:com.crm.qa.testcases.ContactsPageTest@1e88b3c]" name="setUp" is-config="true" duration-ms="15643" started-at="2019-08-04T01:02:03Z" finished-at="2019-08-04T01:02:19Z">
          <reporter-output>
          </reporter-output>
        </test-method> <!-- setUp -->
        <test-method status="PASS" signature="selectContactsTest()[pri:2, instance:com.crm.qa.testcases.ContactsPageTest@1e88b3c]" name="selectContactsTest" duration-ms="190" started-at="2019-08-04T01:02:19Z" finished-at="2019-08-04T01:02:19Z">
          <reporter-output>
          </reporter-output>
        </test-method> <!-- selectContactsTest -->
        <test-method status="PASS" signature="tearDown()[pri:0, instance:com.crm.qa.testcases.ContactsPageTest@1e88b3c]" name="tearDown" is-config="true" duration-ms="711" started-at="2019-08-04T01:02:19Z" finished-at="2019-08-04T01:02:20Z">
          <reporter-output>
          </reporter-output>
        </test-method> <!-- tearDown -->
        <test-method status="PASS" signature="setUp()[pri:0, instance:com.crm.qa.testcases.ContactsPageTest@1e88b3c]" name="setUp" is-config="true" duration-ms="17336" started-at="2019-08-04T01:02:56Z" finished-at="2019-08-04T01:03:13Z">
          <reporter-output>
          </reporter-output>
        </test-method> <!-- setUp -->
        <test-method status="PASS" signature="selectMutltipleContactsTes()[pri:3, instance:com.crm.qa.testcases.ContactsPageTest@1e88b3c]" name="selectMutltipleContactsTes" duration-ms="262" started-at="2019-08-04T01:03:13Z" finished-at="2019-08-04T01:03:13Z">
          <reporter-output>
          </reporter-output>
        </test-method> <!-- selectMutltipleContactsTes -->
        <test-method status="PASS" signature="tearDown()[pri:0, instance:com.crm.qa.testcases.ContactsPageTest@1e88b3c]" name="tearDown" is-config="true" duration-ms="809" started-at="2019-08-04T01:03:13Z" finished-at="2019-08-04T01:03:14Z">
          <reporter-output>
          </reporter-output>
        </test-method> <!-- tearDown -->
        <test-method status="PASS" signature="setUp()[pri:0, instance:com.crm.qa.testcases.ContactsPageTest@1e88b3c]" name="setUp" is-config="true" duration-ms="17066" started-at="2019-08-04T01:03:16Z" finished-at="2019-08-04T01:03:33Z">
          <reporter-output>
          </reporter-output>
        </test-method> <!-- setUp -->
        <test-method status="PASS" signature="validateCreateNewContact(java.lang.String, java.lang.String, java.lang.String, java.lang.String)[pri:4, instance:com.crm.qa.testcases.ContactsPageTest@1e88b3c]" name="validateCreateNewContact" duration-ms="6316" started-at="2019-08-04T01:03:33Z" data-provider="getCRMTestData" finished-at="2019-08-04T01:03:39Z">
          <params>
            <param index="0">
              <value>
                <![CDATA[Mr.]]>
              </value>
            </param>
            <param index="1">
              <value>
                <![CDATA[Tom]]>
              </value>
            </param>
            <param index="2">
              <value>
                <![CDATA[Peter]]>
              </value>
            </param>
            <param index="3">
              <value>
                <![CDATA[Google]]>
              </value>
            </param>
          </params>
          <reporter-output>
          </reporter-output>
        </test-method> <!-- validateCreateNewContact -->
        <test-method status="PASS" signature="tearDown()[pri:0, instance:com.crm.qa.testcases.ContactsPageTest@1e88b3c]" name="tearDown" is-config="true" duration-ms="678" started-at="2019-08-04T01:03:39Z" finished-at="2019-08-04T01:03:40Z">
          <reporter-output>
          </reporter-output>
        </test-method> <!-- tearDown -->
        <test-method status="PASS" signature="setUp()[pri:0, instance:com.crm.qa.testcases.ContactsPageTest@1e88b3c]" name="setUp" is-config="true" duration-ms="17328" started-at="2019-08-04T01:03:40Z" finished-at="2019-08-04T01:03:57Z">
          <reporter-output>
          </reporter-output>
        </test-method> <!-- setUp -->
        <test-method status="PASS" signature="validateCreateNewContact(java.lang.String, java.lang.String, java.lang.String, java.lang.String)[pri:4, instance:com.crm.qa.testcases.ContactsPageTest@1e88b3c]" name="validateCreateNewContact" duration-ms="5172" started-at="2019-08-04T01:03:57Z" data-provider="getCRMTestData" finished-at="2019-08-04T01:04:02Z">
          <params>
            <param index="0">
              <value>
                <![CDATA[Dr.]]>
              </value>
            </param>
            <param index="1">
              <value>
                <![CDATA[John]]>
              </value>
            </param>
            <param index="2">
              <value>
                <![CDATA[Kennedy]]>
              </value>
            </param>
            <param index="3">
              <value>
                <![CDATA[Amazon]]>
              </value>
            </param>
          </params>
          <reporter-output>
          </reporter-output>
        </test-method> <!-- validateCreateNewContact -->
        <test-method status="PASS" signature="tearDown()[pri:0, instance:com.crm.qa.testcases.ContactsPageTest@1e88b3c]" name="tearDown" is-config="true" duration-ms="686" started-at="2019-08-04T01:04:02Z" finished-at="2019-08-04T01:04:03Z">
          <reporter-output>
          </reporter-output>
        </test-method> <!-- tearDown -->
        <test-method status="PASS" signature="setUp()[pri:0, instance:com.crm.qa.testcases.ContactsPageTest@1e88b3c]" name="setUp" is-config="true" duration-ms="15622" started-at="2019-08-04T01:04:03Z" finished-at="2019-08-04T01:04:19Z">
          <reporter-output>
          </reporter-output>
        </test-method> <!-- setUp -->
        <test-method status="PASS" signature="validateCreateNewContact(java.lang.String, java.lang.String, java.lang.String, java.lang.String)[pri:4, instance:com.crm.qa.testcases.ContactsPageTest@1e88b3c]" name="validateCreateNewContact" duration-ms="5279" started-at="2019-08-04T01:04:19Z" data-provider="getCRMTestData" finished-at="2019-08-04T01:04:24Z">
          <params>
            <param index="0">
              <value>
                <![CDATA[Mrs.]]>
              </value>
            </param>
            <param index="1">
              <value>
                <![CDATA[Meena]]>
              </value>
            </param>
            <param index="2">
              <value>
                <![CDATA[Kumari]]>
              </value>
            </param>
            <param index="3">
              <value>
                <![CDATA[Facebook]]>
              </value>
            </param>
          </params>
          <reporter-output>
          </reporter-output>
        </test-method> <!-- validateCreateNewContact -->
        <test-method status="PASS" signature="tearDown()[pri:0, instance:com.crm.qa.testcases.ContactsPageTest@1e88b3c]" name="tearDown" is-config="true" duration-ms="704" started-at="2019-08-04T01:04:24Z" finished-at="2019-08-04T01:04:25Z">
          <reporter-output>
          </reporter-output>
        </test-method> <!-- tearDown -->
      </class> <!-- com.crm.qa.testcases.ContactsPageTest -->
      <class name="com.crm.qa.testcases.LoginPageTest">
        <test-method status="PASS" signature="setUp()[pri:0, instance:com.crm.qa.testcases.LoginPageTest@66a3ffec]" name="setUp" is-config="true" duration-ms="21466" started-at="2019-08-04T01:00:43Z" finished-at="2019-08-04T01:01:05Z">
          <reporter-output>
          </reporter-output>
        </test-method> <!-- setUp -->
        <test-method status="PASS" signature="loginPageTitleTest()[pri:1, instance:com.crm.qa.testcases.LoginPageTest@66a3ffec]" name="loginPageTitleTest" duration-ms="30" started-at="2019-08-04T01:01:05Z" finished-at="2019-08-04T01:01:05Z">
          <reporter-output>
          </reporter-output>
        </test-method> <!-- loginPageTitleTest -->
        <test-method status="PASS" signature="tearDown()[pri:0, instance:com.crm.qa.testcases.LoginPageTest@66a3ffec]" name="tearDown" is-config="true" duration-ms="726" started-at="2019-08-04T01:01:05Z" finished-at="2019-08-04T01:01:06Z">
          <reporter-output>
          </reporter-output>
        </test-method> <!-- tearDown -->
        <test-method status="PASS" signature="setUp()[pri:0, instance:com.crm.qa.testcases.LoginPageTest@66a3ffec]" name="setUp" is-config="true" duration-ms="9506" started-at="2019-08-04T01:01:38Z" finished-at="2019-08-04T01:01:47Z">
          <reporter-output>
          </reporter-output>
        </test-method> <!-- setUp -->
        <test-method status="PASS" signature="crmLogoImageTest()[pri:2, instance:com.crm.qa.testcases.LoginPageTest@66a3ffec]" name="crmLogoImageTest" duration-ms="58" started-at="2019-08-04T01:01:47Z" finished-at="2019-08-04T01:01:47Z">
          <reporter-output>
          </reporter-output>
        </test-method> <!-- crmLogoImageTest -->
        <test-method status="PASS" signature="tearDown()[pri:0, instance:com.crm.qa.testcases.LoginPageTest@66a3ffec]" name="tearDown" is-config="true" duration-ms="717" started-at="2019-08-04T01:01:47Z" finished-at="2019-08-04T01:01:48Z">
          <reporter-output>
          </reporter-output>
        </test-method> <!-- tearDown -->
        <test-method status="PASS" signature="setUp()[pri:0, instance:com.crm.qa.testcases.LoginPageTest@66a3ffec]" name="setUp" is-config="true" duration-ms="10882" started-at="2019-08-04T01:02:20Z" finished-at="2019-08-04T01:02:30Z">
          <reporter-output>
          </reporter-output>
        </test-method> <!-- setUp -->
        <test-method status="PASS" signature="loginTest()[pri:3, instance:com.crm.qa.testcases.LoginPageTest@66a3ffec]" name="loginTest" duration-ms="5555" started-at="2019-08-04T01:02:30Z" finished-at="2019-08-04T01:02:36Z">
          <reporter-output>
          </reporter-output>
        </test-method> <!-- loginTest -->
        <test-method status="PASS" signature="tearDown()[pri:0, instance:com.crm.qa.testcases.LoginPageTest@66a3ffec]" name="tearDown" is-config="true" duration-ms="978" started-at="2019-08-04T01:02:36Z" finished-at="2019-08-04T01:02:37Z">
          <reporter-output>
          </reporter-output>
        </test-method> <!-- tearDown -->
      </class> <!-- com.crm.qa.testcases.LoginPageTest -->
    </test> <!-- Free CRM App Test Cases -->
  </suite> <!-- FREE CRM Application Test Automation Test Suite -->
</testng-results>
