<?xml version="1.0" encoding="UTF-8"?>
<testng-results skipped="0" failed="0" ignored="0" total="12" passed="12">
  <reporter-output>
  </reporter-output>
  <suite name="FREE CRM Application Test Automation Test Suite" duration-ms="199108" started-at="2019-06-13T03:00:37Z" finished-at="2019-06-13T03:03:56Z">
    <groups>
    </groups>
    <test name="Free CRM App Test Cases" duration-ms="199108" started-at="2019-06-13T03:00:37Z" finished-at="2019-06-13T03:03:56Z">
      <class name="com.crm.qa.testcases.HomePageTest">
        <test-method status="PASS" signature="setUp()[pri:0, instance:com.crm.qa.testcases.HomePageTest@77caeb3e]" name="setUp" is-config="true" duration-ms="15516" started-at="2019-06-13T08:30:51Z" finished-at="2019-06-13T08:31:07Z">
          <reporter-output>
          </reporter-output>
        </test-method> <!-- setUp -->
        <test-method status="PASS" signature="verifyHomePageTitleTest()[pri:1, instance:com.crm.qa.testcases.HomePageTest@77caeb3e]" name="verifyHomePageTitleTest" duration-ms="21" started-at="2019-06-13T08:31:07Z" finished-at="2019-06-13T08:31:07Z">
          <reporter-output>
          </reporter-output>
        </test-method> <!-- verifyHomePageTitleTest -->
        <test-method status="PASS" signature="tearDown()[pri:0, instance:com.crm.qa.testcases.HomePageTest@77caeb3e]" name="tearDown" is-config="true" duration-ms="707" started-at="2019-06-13T08:31:07Z" finished-at="2019-06-13T08:31:07Z">
          <reporter-output>
          </reporter-output>
        </test-method> <!-- tearDown -->
        <test-method status="PASS" signature="setUp()[pri:0, instance:com.crm.qa.testcases.HomePageTest@77caeb3e]" name="setUp" is-config="true" duration-ms="13361" started-at="2019-06-13T08:31:35Z" finished-at="2019-06-13T08:31:48Z">
          <reporter-output>
          </reporter-output>
        </test-method> <!-- setUp -->
        <test-method status="PASS" signature="verifyUserNameTest()[pri:2, instance:com.crm.qa.testcases.HomePageTest@77caeb3e]" name="verifyUserNameTest" duration-ms="95" started-at="2019-06-13T08:31:48Z" finished-at="2019-06-13T08:31:48Z">
          <reporter-output>
          </reporter-output>
        </test-method> <!-- verifyUserNameTest -->
        <test-method status="PASS" signature="tearDown()[pri:0, instance:com.crm.qa.testcases.HomePageTest@77caeb3e]" name="tearDown" is-config="true" duration-ms="673" started-at="2019-06-13T08:31:48Z" finished-at="2019-06-13T08:31:49Z">
          <reporter-output>
          </reporter-output>
        </test-method> <!-- tearDown -->
        <test-method status="PASS" signature="setUp()[pri:0, instance:com.crm.qa.testcases.HomePageTest@77caeb3e]" name="setUp" is-config="true" duration-ms="13757" started-at="2019-06-13T08:32:21Z" finished-at="2019-06-13T08:32:34Z">
          <reporter-output>
          </reporter-output>
        </test-method> <!-- setUp -->
        <test-method status="PASS" signature="verifyContactsLinkTest()[pri:3, instance:com.crm.qa.testcases.HomePageTest@77caeb3e]" name="verifyContactsLinkTest" duration-ms="1181" started-at="2019-06-13T08:32:34Z" finished-at="2019-06-13T08:32:35Z">
          <reporter-output>
          </reporter-output>
        </test-method> <!-- verifyContactsLinkTest -->
        <test-method status="PASS" signature="tearDown()[pri:0, instance:com.crm.qa.testcases.HomePageTest@77caeb3e]" name="tearDown" is-config="true" duration-ms="673" started-at="2019-06-13T08:32:35Z" finished-at="2019-06-13T08:32:36Z">
          <reporter-output>
          </reporter-output>
        </test-method> <!-- tearDown -->
      </class> <!-- com.crm.qa.testcases.HomePageTest -->
      <class name="com.crm.qa.testcases.ContactsPageTest">
        <test-method status="PASS" signature="setUp()[pri:0, instance:com.crm.qa.testcases.ContactsPageTest@1e88b3c]" name="setUp" is-config="true" duration-ms="15983" started-at="2019-06-13T08:31:07Z" finished-at="2019-06-13T08:31:23Z">
          <reporter-output>
          </reporter-output>
        </test-method> <!-- setUp -->
        <test-method status="PASS" signature="verifyContactsPageLabelTest()[pri:1, instance:com.crm.qa.testcases.ContactsPageTest@1e88b3c]" name="verifyContactsPageLabelTest" duration-ms="44" started-at="2019-06-13T08:31:23Z" finished-at="2019-06-13T08:31:24Z">
          <reporter-output>
          </reporter-output>
        </test-method> <!-- verifyContactsPageLabelTest -->
        <test-method status="PASS" signature="tearDown()[pri:0, instance:com.crm.qa.testcases.ContactsPageTest@1e88b3c]" name="tearDown" is-config="true" duration-ms="685" started-at="2019-06-13T08:31:24Z" finished-at="2019-06-13T08:31:24Z">
          <reporter-output>
          </reporter-output>
        </test-method> <!-- tearDown -->
        <test-method status="PASS" signature="setUp()[pri:0, instance:com.crm.qa.testcases.ContactsPageTest@1e88b3c]" name="setUp" is-config="true" duration-ms="16750" started-at="2019-06-13T08:31:49Z" finished-at="2019-06-13T08:32:05Z">
          <reporter-output>
          </reporter-output>
        </test-method> <!-- setUp -->
        <test-method status="PASS" signature="selectContactsTest()[pri:2, instance:com.crm.qa.testcases.ContactsPageTest@1e88b3c]" name="selectContactsTest" duration-ms="138" started-at="2019-06-13T08:32:05Z" finished-at="2019-06-13T08:32:06Z">
          <reporter-output>
          </reporter-output>
        </test-method> <!-- selectContactsTest -->
        <test-method status="PASS" signature="tearDown()[pri:0, instance:com.crm.qa.testcases.ContactsPageTest@1e88b3c]" name="tearDown" is-config="true" duration-ms="656" started-at="2019-06-13T08:32:06Z" finished-at="2019-06-13T08:32:06Z">
          <reporter-output>
          </reporter-output>
        </test-method> <!-- tearDown -->
        <test-method status="PASS" signature="setUp()[pri:0, instance:com.crm.qa.testcases.ContactsPageTest@1e88b3c]" name="setUp" is-config="true" duration-ms="14573" started-at="2019-06-13T08:32:36Z" finished-at="2019-06-13T08:32:51Z">
          <reporter-output>
          </reporter-output>
        </test-method> <!-- setUp -->
        <test-method status="PASS" signature="selectMutltipleContactsTes()[pri:3, instance:com.crm.qa.testcases.ContactsPageTest@1e88b3c]" name="selectMutltipleContactsTes" duration-ms="92" started-at="2019-06-13T08:32:51Z" finished-at="2019-06-13T08:32:51Z">
          <reporter-output>
          </reporter-output>
        </test-method> <!-- selectMutltipleContactsTes -->
        <test-method status="PASS" signature="tearDown()[pri:0, instance:com.crm.qa.testcases.ContactsPageTest@1e88b3c]" name="tearDown" is-config="true" duration-ms="708" started-at="2019-06-13T08:32:51Z" finished-at="2019-06-13T08:32:51Z">
          <reporter-output>
          </reporter-output>
        </test-method> <!-- tearDown -->
        <test-method status="PASS" signature="setUp()[pri:0, instance:com.crm.qa.testcases.ContactsPageTest@1e88b3c]" name="setUp" is-config="true" duration-ms="15117" started-at="2019-06-13T08:32:52Z" finished-at="2019-06-13T08:33:07Z">
          <reporter-output>
          </reporter-output>
        </test-method> <!-- setUp -->
        <test-method status="PASS" signature="validateCreateNewContact(java.lang.String, java.lang.String, java.lang.String, java.lang.String)[pri:4, instance:com.crm.qa.testcases.ContactsPageTest@1e88b3c]" name="validateCreateNewContact" duration-ms="7273" started-at="2019-06-13T08:33:07Z" data-provider="getCRMTestData" finished-at="2019-06-13T08:33:14Z">
          <params>
            <param index="0">
              <value>
                <![CDATA[Mr.]]>
              </value>
            </param>
            <param index="1">
              <value>
                <![CDATA[Tom]]>
              </value>
            </param>
            <param index="2">
              <value>
                <![CDATA[Peter]]>
              </value>
            </param>
            <param index="3">
              <value>
                <![CDATA[Google]]>
              </value>
            </param>
          </params>
          <reporter-output>
          </reporter-output>
        </test-method> <!-- validateCreateNewContact -->
        <test-method status="PASS" signature="tearDown()[pri:0, instance:com.crm.qa.testcases.ContactsPageTest@1e88b3c]" name="tearDown" is-config="true" duration-ms="751" started-at="2019-06-13T08:33:14Z" finished-at="2019-06-13T08:33:15Z">
          <reporter-output>
          </reporter-output>
        </test-method> <!-- tearDown -->
        <test-method status="PASS" signature="setUp()[pri:0, instance:com.crm.qa.testcases.ContactsPageTest@1e88b3c]" name="setUp" is-config="true" duration-ms="14739" started-at="2019-06-13T08:33:15Z" finished-at="2019-06-13T08:33:30Z">
          <reporter-output>
          </reporter-output>
        </test-method> <!-- setUp -->
        <test-method status="PASS" signature="validateCreateNewContact(java.lang.String, java.lang.String, java.lang.String, java.lang.String)[pri:4, instance:com.crm.qa.testcases.ContactsPageTest@1e88b3c]" name="validateCreateNewContact" duration-ms="5452" started-at="2019-06-13T08:33:30Z" data-provider="getCRMTestData" finished-at="2019-06-13T08:33:35Z">
          <params>
            <param index="0">
              <value>
                <![CDATA[Dr.]]>
              </value>
            </param>
            <param index="1">
              <value>
                <![CDATA[John]]>
              </value>
            </param>
            <param index="2">
              <value>
                <![CDATA[Kennedy]]>
              </value>
            </param>
            <param index="3">
              <value>
                <![CDATA[Amazon]]>
              </value>
            </param>
          </params>
          <reporter-output>
          </reporter-output>
        </test-method> <!-- validateCreateNewContact -->
        <test-method status="PASS" signature="tearDown()[pri:0, instance:com.crm.qa.testcases.ContactsPageTest@1e88b3c]" name="tearDown" is-config="true" duration-ms="675" started-at="2019-06-13T08:33:35Z" finished-at="2019-06-13T08:33:36Z">
          <reporter-output>
          </reporter-output>
        </test-method> <!-- tearDown -->
        <test-method status="PASS" signature="setUp()[pri:0, instance:com.crm.qa.testcases.ContactsPageTest@1e88b3c]" name="setUp" is-config="true" duration-ms="14484" started-at="2019-06-13T08:33:36Z" finished-at="2019-06-13T08:33:50Z">
          <reporter-output>
          </reporter-output>
        </test-method> <!-- setUp -->
        <test-method status="PASS" signature="validateCreateNewContact(java.lang.String, java.lang.String, java.lang.String, java.lang.String)[pri:4, instance:com.crm.qa.testcases.ContactsPageTest@1e88b3c]" name="validateCreateNewContact" duration-ms="4805" started-at="2019-06-13T08:33:50Z" data-provider="getCRMTestData" finished-at="2019-06-13T08:33:55Z">
          <params>
            <param index="0">
              <value>
                <![CDATA[Mrs.]]>
              </value>
            </param>
            <param index="1">
              <value>
                <![CDATA[Meena]]>
              </value>
            </param>
            <param index="2">
              <value>
                <![CDATA[Kumari]]>
              </value>
            </param>
            <param index="3">
              <value>
                <![CDATA[Facebook]]>
              </value>
            </param>
          </params>
          <reporter-output>
          </reporter-output>
        </test-method> <!-- validateCreateNewContact -->
        <test-method status="PASS" signature="tearDown()[pri:0, instance:com.crm.qa.testcases.ContactsPageTest@1e88b3c]" name="tearDown" is-config="true" duration-ms="690" started-at="2019-06-13T08:33:55Z" finished-at="2019-06-13T08:33:56Z">
          <reporter-output>
          </reporter-output>
        </test-method> <!-- tearDown -->
      </class> <!-- com.crm.qa.testcases.ContactsPageTest -->
      <class name="com.crm.qa.testcases.LoginPageTest">
        <test-method status="PASS" signature="setUp()[pri:0, instance:com.crm.qa.testcases.LoginPageTest@66a3ffec]" name="setUp" is-config="true" duration-ms="13618" started-at="2019-06-13T08:30:37Z" finished-at="2019-06-13T08:30:51Z">
          <reporter-output>
          </reporter-output>
        </test-method> <!-- setUp -->
        <test-method status="PASS" signature="loginPageTitleTest()[pri:1, instance:com.crm.qa.testcases.LoginPageTest@66a3ffec]" name="loginPageTitleTest" duration-ms="26" started-at="2019-06-13T08:30:51Z" finished-at="2019-06-13T08:30:51Z">
          <reporter-output>
          </reporter-output>
        </test-method> <!-- loginPageTitleTest -->
        <test-method status="PASS" signature="tearDown()[pri:0, instance:com.crm.qa.testcases.LoginPageTest@66a3ffec]" name="tearDown" is-config="true" duration-ms="697" started-at="2019-06-13T08:30:51Z" finished-at="2019-06-13T08:30:51Z">
          <reporter-output>
          </reporter-output>
        </test-method> <!-- tearDown -->
        <test-method status="PASS" signature="setUp()[pri:0, instance:com.crm.qa.testcases.LoginPageTest@66a3ffec]" name="setUp" is-config="true" duration-ms="9473" started-at="2019-06-13T08:31:24Z" finished-at="2019-06-13T08:31:34Z">
          <reporter-output>
          </reporter-output>
        </test-method> <!-- setUp -->
        <test-method status="PASS" signature="crmLogoImageTest()[pri:2, instance:com.crm.qa.testcases.LoginPageTest@66a3ffec]" name="crmLogoImageTest" duration-ms="101" started-at="2019-06-13T08:31:34Z" finished-at="2019-06-13T08:31:34Z">
          <reporter-output>
          </reporter-output>
        </test-method> <!-- crmLogoImageTest -->
        <test-method status="PASS" signature="tearDown()[pri:0, instance:com.crm.qa.testcases.LoginPageTest@66a3ffec]" name="tearDown" is-config="true" duration-ms="730" started-at="2019-06-13T08:31:34Z" finished-at="2019-06-13T08:31:35Z">
          <reporter-output>
          </reporter-output>
        </test-method> <!-- tearDown -->
        <test-method status="PASS" signature="setUp()[pri:0, instance:com.crm.qa.testcases.LoginPageTest@66a3ffec]" name="setUp" is-config="true" duration-ms="9150" started-at="2019-06-13T08:32:06Z" finished-at="2019-06-13T08:32:15Z">
          <reporter-output>
          </reporter-output>
        </test-method> <!-- setUp -->
        <test-method status="PASS" signature="loginTest()[pri:3, instance:com.crm.qa.testcases.LoginPageTest@66a3ffec]" name="loginTest" duration-ms="4464" started-at="2019-06-13T08:32:15Z" finished-at="2019-06-13T08:32:20Z">
          <reporter-output>
          </reporter-output>
        </test-method> <!-- loginTest -->
        <test-method status="PASS" signature="tearDown()[pri:0, instance:com.crm.qa.testcases.LoginPageTest@66a3ffec]" name="tearDown" is-config="true" duration-ms="699" started-at="2019-06-13T08:32:20Z" finished-at="2019-06-13T08:32:21Z">
          <reporter-output>
          </reporter-output>
        </test-method> <!-- tearDown -->
      </class> <!-- com.crm.qa.testcases.LoginPageTest -->
    </test> <!-- Free CRM App Test Cases -->
  </suite> <!-- FREE CRM Application Test Automation Test Suite -->
</testng-results>
